[35m[Appium][39m Welcome to Appium v1.22.3
[35m[Appium][39m Non-default server args:
[35m[Appium][39m   port: 57610
[35m[Appium][39m   loglevel: info
[35m[Appium][39m   tmpDir: C:\Users\user\AppData\Local\Temp\\Katalon\Appium\Temp1679560664062
[35m[Appium][39m   chromedriverPort: 57611
[35m[Appium][39m Deprecated server args:
[35m[Appium][39m   [31m--chromedriver-port[39m => --default-capabilities
[35m[Appium][39m Default capabilities, which will be added to each request unless overridden by desired capabilities:
[35m[Appium][39m   chromedriverPort: 57611
[35m[Appium][39m Appium REST http interface listener started on 0.0.0.0:57610
[35m[HTTP][39m [37m-->[39m [37mGET[39m [37m/wd/hub/status[39m
[35m[HTTP][39m [90m{}[39m
[35m[HTTP][39m [37m<-- GET /wd/hub/status [39m[32m200[39m [90m16 ms - 68[39m
[35m[HTTP][39m [90m[39m
[35m[HTTP][39m [37m-->[39m [37mGET[39m [37m/wd/hub/status[39m
[35m[HTTP][39m [90m{}[39m
[35m[HTTP][39m [37m<-- GET /wd/hub/status [39m[32m200[39m [90m3 ms - 68[39m
[35m[HTTP][39m [90m[39m
[35m[HTTP][39m [37m-->[39m [37mPOST[39m [37m/wd/hub/session[39m
[35m[HTTP][39m [90m{"desiredCapabilities":{"appPackage":"com.android.settings","appWaitActivity":"*","deviceId":"ZD7DA6JRKZG6TKJV","deviceName":"vivo vivo 1723 (Android 9)","platform":"ANDROID","appWaitDuration":30000,"appActivity":".Settings","newCommandTimeout":1800,"platformVersion":"9","automationName":"uiautomator2","autoGrantPermissions":true,"platformName":"Android","udid":"20ff0648","systemPort":8233},"capabilities":{"firstMatch":[{"appium:appActivity":".Settings","appium:appPackage":"com.android.settings","appium:appWaitActivity":"*","appium:appWaitDuration":30000,"appium:autoGrantPermissions":true,"appium:automationName":"uiautomator2","deviceId":"ZD7DA6JRKZG6TKJV","appium:deviceName":"vivo vivo 1723 (Android 9)","appium:newCommandTimeout":1800,"platform":"ANDROID","platformName":"android","appium:platformVersion":"9","appium:systemPort":8233,"appium:udid":"20ff0648"}]}}[39m
[35m[BaseDriver][39m The following capabilities are not standard capabilities and should have an extension prefix:
[35m[BaseDriver][39m   deviceId
[35m[BaseDriver][39m   platform
[35m[BaseDriver][39m   chromedriverPort
[35m[Appium][39m Appium v1.22.3 creating new AndroidUiautomator2Driver (v1.70.1) session
[35m[BaseDriver][39m The following capabilities were provided, but are not recognized by Appium:
[35m[BaseDriver][39m   deviceId
[35m[BaseDriver][39m   platform
[35m[BaseDriver][39m Session created with session id: 9d6dabb6-7fcf-43e5-b10d-b9bf29a6fdc8
[35m[UiAutomator2][39m Starting 'com.android.settings' directly on the device
[35m[ADB][39m Found 1 'build-tools' folders under 'C:\Users\user\.katalon\tools\android_sdk' (newest first):
[35m[ADB][39m     C:/Users/user/.katalon/tools/android_sdk/build-tools/29.0.3
[35m[ADB][39m Using 'adb.exe' from 'C:\Users\user\.katalon\tools\android_sdk\platform-tools\adb.exe'
[35m[AndroidDriver][39m Retrieving device list
[35m[AndroidDriver][39m Using device: 20ff0648
[35m[ADB][39m Using 'adb.exe' from 'C:\Users\user\.katalon\tools\android_sdk\platform-tools\adb.exe'
[35m[ADB][39m Getting device platform version
[35m[UiAutomator2][39m Relaxing hidden api policy
[35m[AndroidDriver][39m No app sent in, not parsing package/activity
[35m[ADB][39m Using 'apksigner.jar' from 'C:\Users\user\.katalon\tools\android_sdk\build-tools\29.0.3\lib\apksigner.jar'
[35m[ADB][39m 'C:\Users\user\AppData\Roaming\npm\node_modules\appium\node_modules\appium-uiautomator2-server\apks\appium-uiautomator2-server-v4.27.0.apk' is signed with the default certificate
[35m[ADB][39m 'C:\Users\user\AppData\Roaming\npm\node_modules\appium\node_modules\appium-uiautomator2-server\apks\appium-uiautomator2-server-debug-androidTest.apk' is signed with the default certificate
[35m[UiAutomator2][39m Server packages are not going to be (re)installed
[35m[ADB][39m Adding packages ["io.appium.settings","io.appium.uiautomator2.server","io.appium.uiautomator2.server.test"] to Doze whitelist
[35m[UiAutomator2][39m Starting UIAutomator2 server 4.27.0
[35m[UiAutomator2][39m Using UIAutomator2 server from 'C:\Users\user\AppData\Roaming\npm\node_modules\appium\node_modules\appium-uiautomator2-server\apks\appium-uiautomator2-server-v4.27.0.apk' and test from 'C:\Users\user\AppData\Roaming\npm\node_modules\appium\node_modules\appium-uiautomator2-server\apks\appium-uiautomator2-server-debug-androidTest.apk'
[35m[UiAutomator2][39m Waiting up to 30000ms for UiAutomator2 to be online...
[35m[WD Proxy][39m socket hang up
[35m[WD Proxy][39m socket hang up
[35m[WD Proxy][39m socket hang up
[35m[WD Proxy][39m socket hang up
[35m[WD Proxy][39m socket hang up
[35m[WD Proxy][39m Determined the downstream protocol as 'W3C'
[35m[AndroidDriver][39m Screen already unlocked, doing nothing
[35m[UiAutomator2][39m Starting 'com.android.settings/.Settings and waiting for 'com.android.settings/*'
[35m[Appium][39m New AndroidUiautomator2Driver session created successfully, session 9d6dabb6-7fcf-43e5-b10d-b9bf29a6fdc8 added to master session list
[35m[HTTP][39m [37m<-- POST /wd/hub/session [39m[32m200[39m [90m16790 ms - 1287[39m
[35m[HTTP][39m [90m[39m
[35m[HTTP][39m [37m-->[39m [37mGET[39m [37m/wd/hub/session/9d6dabb6-7fcf-43e5-b10d-b9bf29a6fdc8[39m
[35m[HTTP][39m [90m{}[39m
[35m[HTTP][39m [37m<-- GET /wd/hub/session/9d6dabb6-7fcf-43e5-b10d-b9bf29a6fdc8 [39m[32m200[39m [90m31 ms - 1241[39m
[35m[HTTP][39m [90m[39m
[35m[HTTP][39m [37m-->[39m [37mGET[39m [37m/wd/hub/session/9d6dabb6-7fcf-43e5-b10d-b9bf29a6fdc8[39m
[35m[HTTP][39m [90m{}[39m
[35m[HTTP][39m [37m<-- GET /wd/hub/session/9d6dabb6-7fcf-43e5-b10d-b9bf29a6fdc8 [39m[32m200[39m [90m23 ms - 1241[39m
[35m[HTTP][39m [90m[39m
[35m[HTTP][39m [37m-->[39m [37mGET[39m [37m/wd/hub/status[39m
[35m[HTTP][39m [90m{}[39m
[35m[HTTP][39m [37m<-- GET /wd/hub/status [39m[32m200[39m [90m2 ms - 68[39m
[35m[HTTP][39m [90m[39m
[35m[HTTP][39m [37m-->[39m [37mPOST[39m [37m/wd/hub/session/9d6dabb6-7fcf-43e5-b10d-b9bf29a6fdc8/timeouts[39m
[35m[HTTP][39m [90m{"implicit":60000}[39m
[35m[HTTP][39m [37m<-- POST /wd/hub/session/9d6dabb6-7fcf-43e5-b10d-b9bf29a6fdc8/timeouts [39m[32m200[39m [90m5 ms - 14[39m
[35m[HTTP][39m [90m[39m
[35m[HTTP][39m [37m-->[39m [37mGET[39m [37m/wd/hub/session/9d6dabb6-7fcf-43e5-b10d-b9bf29a6fdc8/screenshot[39m
[35m[HTTP][39m [90m{}[39m
[35m[HTTP][39m [37m<-- GET /wd/hub/session/9d6dabb6-7fcf-43e5-b10d-b9bf29a6fdc8/screenshot [39m[32m200[39m [90m919 ms - 61616[39m
[35m[HTTP][39m [90m[39m
[35m[HTTP][39m [37m-->[39m [37mGET[39m [37m/wd/hub/session/9d6dabb6-7fcf-43e5-b10d-b9bf29a6fdc8/window/rect[39m
[35m[HTTP][39m [90m{}[39m
[35m[HTTP][39m [37m<-- GET /wd/hub/session/9d6dabb6-7fcf-43e5-b10d-b9bf29a6fdc8/window/rect [39m[32m200[39m [90m52 ms - 50[39m
[35m[HTTP][39m [90m[39m
[35m[HTTP][39m [37m-->[39m [37mGET[39m [37m/wd/hub/session/9d6dabb6-7fcf-43e5-b10d-b9bf29a6fdc8/appium/device/system_bars[39m
[35m[HTTP][39m [90m{}[39m
[35m[HTTP][39m [37m<-- GET /wd/hub/session/9d6dabb6-7fcf-43e5-b10d-b9bf29a6fdc8/appium/device/system_bars [39m[32m200[39m [90m355 ms - 148[39m
[35m[HTTP][39m [90m[39m
[35m[HTTP][39m [37m-->[39m [37mPOST[39m [37m/wd/hub/session/9d6dabb6-7fcf-43e5-b10d-b9bf29a6fdc8/appium/device/activate_app[39m
[35m[HTTP][39m [90m{"bundleId":"mx.com.liverpool.shoppingapp"}[39m
[35m[HTTP][39m [37m<-- POST /wd/hub/session/9d6dabb6-7fcf-43e5-b10d-b9bf29a6fdc8/appium/device/activate_app [39m[32m200[39m [90m3519 ms - 14[39m
[35m[HTTP][39m [90m[39m
[35m[HTTP][39m [37m-->[39m [37mGET[39m [37m/wd/hub/session/9d6dabb6-7fcf-43e5-b10d-b9bf29a6fdc8/source[39m
[35m[HTTP][39m [90m{}[39m
[35m[W3C (9d6dabb6)][39m Driver proxy active, passing request on via HTTP proxy
[35m[WD Proxy][39m Replacing sessionId 5d6ddb08-cd4e-433b-af78-70bb956cb3cc with 9d6dabb6-7fcf-43e5-b10d-b9bf29a6fdc8
[35m[HTTP][39m [37m<-- GET /wd/hub/session/9d6dabb6-7fcf-43e5-b10d-b9bf29a6fdc8/source [39m[32m200[39m [90m1858 ms - 3383[39m
[35m[HTTP][39m [90m[39m
[35m[HTTP][39m [37m-->[39m [37mGET[39m [37m/wd/hub/session/9d6dabb6-7fcf-43e5-b10d-b9bf29a6fdc8/screenshot[39m
[35m[HTTP][39m [90m{}[39m
[35m[HTTP][39m [37m<-- GET /wd/hub/session/9d6dabb6-7fcf-43e5-b10d-b9bf29a6fdc8/screenshot [39m[32m200[39m [90m944 ms - 67508[39m
[35m[HTTP][39m [90m[39m
[35m[HTTP][39m [37m-->[39m [37mGET[39m [37m/wd/hub/session/9d6dabb6-7fcf-43e5-b10d-b9bf29a6fdc8/source[39m
[35m[HTTP][39m [90m{}[39m
[35m[W3C (9d6dabb6)][39m Driver proxy active, passing request on via HTTP proxy
[35m[WD Proxy][39m Replacing sessionId 5d6ddb08-cd4e-433b-af78-70bb956cb3cc with 9d6dabb6-7fcf-43e5-b10d-b9bf29a6fdc8
[35m[HTTP][39m [37m<-- GET /wd/hub/session/9d6dabb6-7fcf-43e5-b10d-b9bf29a6fdc8/source [39m[32m200[39m [90m645 ms - 31869[39m
[35m[HTTP][39m [90m[39m
[35m[HTTP][39m [37m-->[39m [37mGET[39m [37m/wd/hub/session/9d6dabb6-7fcf-43e5-b10d-b9bf29a6fdc8/screenshot[39m
[35m[HTTP][39m [90m{}[39m
[35m[HTTP][39m [37m<-- GET /wd/hub/session/9d6dabb6-7fcf-43e5-b10d-b9bf29a6fdc8/screenshot [39m[32m200[39m [90m1747 ms - 1486854[39m
[35m[HTTP][39m [90m[39m
[35m[HTTP][39m [37m-->[39m [37mGET[39m [37m/wd/hub/session/9d6dabb6-7fcf-43e5-b10d-b9bf29a6fdc8/source[39m
[35m[HTTP][39m [90m{}[39m
[35m[W3C (9d6dabb6)][39m Driver proxy active, passing request on via HTTP proxy
[35m[WD Proxy][39m Replacing sessionId 5d6ddb08-cd4e-433b-af78-70bb956cb3cc with 9d6dabb6-7fcf-43e5-b10d-b9bf29a6fdc8
[35m[HTTP][39m [37m<-- GET /wd/hub/session/9d6dabb6-7fcf-43e5-b10d-b9bf29a6fdc8/source [39m[32m200[39m [90m679 ms - 44196[39m
[35m[HTTP][39m [90m[39m
[35m[HTTP][39m [37m-->[39m [37mGET[39m [37m/wd/hub/session/9d6dabb6-7fcf-43e5-b10d-b9bf29a6fdc8/screenshot[39m
[35m[HTTP][39m [90m{}[39m
[35m[HTTP][39m [37m<-- GET /wd/hub/session/9d6dabb6-7fcf-43e5-b10d-b9bf29a6fdc8/screenshot [39m[32m200[39m [90m1105 ms - 606758[39m
[35m[HTTP][39m [90m[39m
[35m[HTTP][39m [37m-->[39m [37mGET[39m [37m/wd/hub/session/9d6dabb6-7fcf-43e5-b10d-b9bf29a6fdc8/source[39m
[35m[HTTP][39m [90m{}[39m
[35m[W3C (9d6dabb6)][39m Driver proxy active, passing request on via HTTP proxy
[35m[WD Proxy][39m Replacing sessionId 5d6ddb08-cd4e-433b-af78-70bb956cb3cc with 9d6dabb6-7fcf-43e5-b10d-b9bf29a6fdc8
[35m[HTTP][39m [37m<-- GET /wd/hub/session/9d6dabb6-7fcf-43e5-b10d-b9bf29a6fdc8/source [39m[32m200[39m [90m533 ms - 46276[39m
[35m[HTTP][39m [90m[39m
[35m[HTTP][39m [37m-->[39m [37mGET[39m [37m/wd/hub/session/9d6dabb6-7fcf-43e5-b10d-b9bf29a6fdc8/screenshot[39m
[35m[HTTP][39m [90m{}[39m
[35m[HTTP][39m [37m<-- GET /wd/hub/session/9d6dabb6-7fcf-43e5-b10d-b9bf29a6fdc8/screenshot [39m[32m200[39m [90m1074 ms - 634096[39m
[35m[HTTP][39m [90m[39m
[35m[HTTP][39m [37m-->[39m [37mGET[39m [37m/wd/hub/session/9d6dabb6-7fcf-43e5-b10d-b9bf29a6fdc8/source[39m
[35m[HTTP][39m [90m{}[39m
[35m[W3C (9d6dabb6)][39m Driver proxy active, passing request on via HTTP proxy
[35m[WD Proxy][39m Replacing sessionId 5d6ddb08-cd4e-433b-af78-70bb956cb3cc with 9d6dabb6-7fcf-43e5-b10d-b9bf29a6fdc8
[35m[HTTP][39m [37m<-- GET /wd/hub/session/9d6dabb6-7fcf-43e5-b10d-b9bf29a6fdc8/source [39m[32m200[39m [90m513 ms - 31869[39m
[35m[HTTP][39m [90m[39m
[35m[HTTP][39m [37m-->[39m [37mGET[39m [37m/wd/hub/session/9d6dabb6-7fcf-43e5-b10d-b9bf29a6fdc8/screenshot[39m
[35m[HTTP][39m [90m{}[39m
[35m[HTTP][39m [37m<-- GET /wd/hub/session/9d6dabb6-7fcf-43e5-b10d-b9bf29a6fdc8/screenshot [39m[32m200[39m [90m1754 ms - 1486446[39m
[35m[HTTP][39m [90m[39m
[35m[HTTP][39m [37m-->[39m [37mGET[39m [37m/wd/hub/session/9d6dabb6-7fcf-43e5-b10d-b9bf29a6fdc8/source[39m
[35m[HTTP][39m [90m{}[39m
[35m[W3C (9d6dabb6)][39m Driver proxy active, passing request on via HTTP proxy
[35m[WD Proxy][39m Replacing sessionId 5d6ddb08-cd4e-433b-af78-70bb956cb3cc with 9d6dabb6-7fcf-43e5-b10d-b9bf29a6fdc8
[35m[HTTP][39m [37m<-- GET /wd/hub/session/9d6dabb6-7fcf-43e5-b10d-b9bf29a6fdc8/source [39m[32m200[39m [90m494 ms - 40569[39m
[35m[HTTP][39m [90m[39m
[35m[HTTP][39m [37m-->[39m [37mGET[39m [37m/wd/hub/session/9d6dabb6-7fcf-43e5-b10d-b9bf29a6fdc8/screenshot[39m
[35m[HTTP][39m [90m{}[39m
[35m[HTTP][39m [37m<-- GET /wd/hub/session/9d6dabb6-7fcf-43e5-b10d-b9bf29a6fdc8/screenshot [39m[32m200[39m [90m1152 ms - 630252[39m
[35m[HTTP][39m [90m[39m
[35m[HTTP][39m [37m-->[39m [37mGET[39m [37m/wd/hub/session/9d6dabb6-7fcf-43e5-b10d-b9bf29a6fdc8/source[39m
[35m[HTTP][39m [90m{}[39m
[35m[W3C (9d6dabb6)][39m Driver proxy active, passing request on via HTTP proxy
[35m[WD Proxy][39m Replacing sessionId 5d6ddb08-cd4e-433b-af78-70bb956cb3cc with 9d6dabb6-7fcf-43e5-b10d-b9bf29a6fdc8
[35m[HTTP][39m [37m<-- GET /wd/hub/session/9d6dabb6-7fcf-43e5-b10d-b9bf29a6fdc8/source [39m[32m200[39m [90m412 ms - 31869[39m
[35m[HTTP][39m [90m[39m
[35m[HTTP][39m [37m-->[39m [37mGET[39m [37m/wd/hub/session/9d6dabb6-7fcf-43e5-b10d-b9bf29a6fdc8/screenshot[39m
[35m[HTTP][39m [90m{}[39m
[35m[HTTP][39m [37m<-- GET /wd/hub/session/9d6dabb6-7fcf-43e5-b10d-b9bf29a6fdc8/screenshot [39m[32m200[39m [90m1696 ms - 1486698[39m
[35m[HTTP][39m [90m[39m
[35m[HTTP][39m [37m-->[39m [37mPOST[39m [37m/wd/hub/session/9d6dabb6-7fcf-43e5-b10d-b9bf29a6fdc8/elements[39m
[35m[HTTP][39m [90m{"using":"xpath","value":"//*[@class = 'android.widget.EditText' and (@text = 'Buscar en Liverpool...' or . = 'Buscar en Liverpool...') and @resource-id = 'mx.com.liverpool.shoppingapp:id/edt_header_searchbar_old']"}[39m
[35m[HTTP][39m [37m<-- POST /wd/hub/session/9d6dabb6-7fcf-43e5-b10d-b9bf29a6fdc8/elements [39m[32m200[39m [90m1364 ms - 139[39m
[35m[HTTP][39m [90m[39m
[35m[HTTP][39m [37m-->[39m [37mGET[39m [37m/wd/hub/session/9d6dabb6-7fcf-43e5-b10d-b9bf29a6fdc8/window/rect[39m
[35m[HTTP][39m [90m{}[39m
[35m[HTTP][39m [37m<-- GET /wd/hub/session/9d6dabb6-7fcf-43e5-b10d-b9bf29a6fdc8/window/rect [39m[32m200[39m [90m59 ms - 50[39m
[35m[HTTP][39m [90m[39m
[35m[HTTP][39m [37m-->[39m [37mPOST[39m [37m/wd/hub/session/9d6dabb6-7fcf-43e5-b10d-b9bf29a6fdc8/elements[39m
[35m[HTTP][39m [90m{"using":"xpath","value":"//*[@class = 'android.widget.EditText' and (@text = 'Buscar en Liverpool...' or . = 'Buscar en Liverpool...') and @resource-id = 'mx.com.liverpool.shoppingapp:id/edt_header_searchbar_old']"}[39m
[35m[HTTP][39m [37m<-- POST /wd/hub/session/9d6dabb6-7fcf-43e5-b10d-b9bf29a6fdc8/elements [39m[32m200[39m [90m433 ms - 139[39m
[35m[HTTP][39m [90m[39m
[35m[HTTP][39m [37m-->[39m [37mGET[39m [37m/wd/hub/session/9d6dabb6-7fcf-43e5-b10d-b9bf29a6fdc8/element/00000000-0000-0027-ffff-ffff0000003b/location[39m
[35m[HTTP][39m [90m{}[39m
[35m[W3C (9d6dabb6)][39m Driver proxy active, passing request on via HTTP proxy
[35m[WD Proxy][39m Replacing sessionId 5d6ddb08-cd4e-433b-af78-70bb956cb3cc with 9d6dabb6-7fcf-43e5-b10d-b9bf29a6fdc8
[35m[HTTP][39m [37m<-- GET /wd/hub/session/9d6dabb6-7fcf-43e5-b10d-b9bf29a6fdc8/element/00000000-0000-0027-ffff-ffff0000003b/location [39m[32m200[39m [90m379 ms - 77[39m
[35m[HTTP][39m [90m[39m
[35m[HTTP][39m [37m-->[39m [37mPOST[39m [37m/wd/hub/session/9d6dabb6-7fcf-43e5-b10d-b9bf29a6fdc8/element/00000000-0000-0027-ffff-ffff0000003b/click[39m
[35m[HTTP][39m [90m{"id":"00000000-0000-0027-ffff-ffff0000003b"}[39m
[35m[HTTP][39m [37m<-- POST /wd/hub/session/9d6dabb6-7fcf-43e5-b10d-b9bf29a6fdc8/element/00000000-0000-0027-ffff-ffff0000003b/click [39m[32m200[39m [90m61 ms - 14[39m
[35m[HTTP][39m [90m[39m
[35m[HTTP][39m [37m-->[39m [37mGET[39m [37m/wd/hub/session/9d6dabb6-7fcf-43e5-b10d-b9bf29a6fdc8/source[39m
[35m[HTTP][39m [90m{}[39m
[35m[W3C (9d6dabb6)][39m Driver proxy active, passing request on via HTTP proxy
[35m[WD Proxy][39m Replacing sessionId 5d6ddb08-cd4e-433b-af78-70bb956cb3cc with 9d6dabb6-7fcf-43e5-b10d-b9bf29a6fdc8
[35m[HTTP][39m [37m<-- GET /wd/hub/session/9d6dabb6-7fcf-43e5-b10d-b9bf29a6fdc8/source [39m[32m200[39m [90m420 ms - 18161[39m
[35m[HTTP][39m [90m[39m
[35m[HTTP][39m [37m-->[39m [37mGET[39m [37m/wd/hub/session/9d6dabb6-7fcf-43e5-b10d-b9bf29a6fdc8/screenshot[39m
[35m[HTTP][39m [90m{}[39m
[35m[HTTP][39m [37m<-- GET /wd/hub/session/9d6dabb6-7fcf-43e5-b10d-b9bf29a6fdc8/screenshot [39m[32m200[39m [90m858 ms - 199208[39m
[35m[HTTP][39m [90m[39m
[35m[HTTP][39m [37m-->[39m [37mPOST[39m [37m/wd/hub/session/9d6dabb6-7fcf-43e5-b10d-b9bf29a6fdc8/elements[39m
[35m[HTTP][39m [90m{"using":"xpath","value":"//*[@class = 'android.widget.EditText' and (@text = 'Buscar en Liverpool...' or . = 'Buscar en Liverpool...') and @resource-id = 'mx.com.liverpool.shoppingapp:id/edt_header_searchbar']"}[39m
[35m[HTTP][39m [37m<-- POST /wd/hub/session/9d6dabb6-7fcf-43e5-b10d-b9bf29a6fdc8/elements [39m[32m200[39m [90m292 ms - 139[39m
[35m[HTTP][39m [90m[39m
[35m[HTTP][39m [37m-->[39m [37mGET[39m [37m/wd/hub/session/9d6dabb6-7fcf-43e5-b10d-b9bf29a6fdc8/window/rect[39m
[35m[HTTP][39m [90m{}[39m
[35m[HTTP][39m [37m<-- GET /wd/hub/session/9d6dabb6-7fcf-43e5-b10d-b9bf29a6fdc8/window/rect [39m[32m200[39m [90m46 ms - 50[39m
[35m[HTTP][39m [90m[39m
[35m[HTTP][39m [37m-->[39m [37mPOST[39m [37m/wd/hub/session/9d6dabb6-7fcf-43e5-b10d-b9bf29a6fdc8/elements[39m
[35m[HTTP][39m [90m{"using":"xpath","value":"//*[@class = 'android.widget.EditText' and (@text = 'Buscar en Liverpool...' or . = 'Buscar en Liverpool...') and @resource-id = 'mx.com.liverpool.shoppingapp:id/edt_header_searchbar']"}[39m
[35m[HTTP][39m [37m<-- POST /wd/hub/session/9d6dabb6-7fcf-43e5-b10d-b9bf29a6fdc8/elements [39m[32m200[39m [90m286 ms - 139[39m
[35m[HTTP][39m [90m[39m
[35m[HTTP][39m [37m-->[39m [37mGET[39m [37m/wd/hub/session/9d6dabb6-7fcf-43e5-b10d-b9bf29a6fdc8/element/00000000-0000-0027-ffff-ffff00000055/location[39m
[35m[HTTP][39m [90m{}[39m
[35m[W3C (9d6dabb6)][39m Driver proxy active, passing request on via HTTP proxy
[35m[WD Proxy][39m Replacing sessionId 5d6ddb08-cd4e-433b-af78-70bb956cb3cc with 9d6dabb6-7fcf-43e5-b10d-b9bf29a6fdc8
[35m[HTTP][39m [37m<-- GET /wd/hub/session/9d6dabb6-7fcf-43e5-b10d-b9bf29a6fdc8/element/00000000-0000-0027-ffff-ffff00000055/location [39m[32m200[39m [90m77 ms - 78[39m
[35m[HTTP][39m [90m[39m
[35m[HTTP][39m [37m-->[39m [37mPOST[39m [37m/wd/hub/session/9d6dabb6-7fcf-43e5-b10d-b9bf29a6fdc8/element/00000000-0000-0027-ffff-ffff00000055/clear[39m
[35m[HTTP][39m [90m{"id":"00000000-0000-0027-ffff-ffff00000055"}[39m
[35m[HTTP][39m [37m<-- POST /wd/hub/session/9d6dabb6-7fcf-43e5-b10d-b9bf29a6fdc8/element/00000000-0000-0027-ffff-ffff00000055/clear [39m[32m200[39m [90m65 ms - 14[39m
[35m[HTTP][39m [90m[39m
[35m[HTTP][39m [37m-->[39m [37mPOST[39m [37m/wd/hub/session/9d6dabb6-7fcf-43e5-b10d-b9bf29a6fdc8/element/00000000-0000-0027-ffff-ffff00000055/value[39m
[35m[HTTP][39m [90m{"id":"00000000-0000-0027-ffff-ffff00000055","text":"VASO","value":["V","A","S","O"]}[39m
[35m[HTTP][39m [37m<-- POST /wd/hub/session/9d6dabb6-7fcf-43e5-b10d-b9bf29a6fdc8/element/00000000-0000-0027-ffff-ffff00000055/value [39m[32m200[39m [90m683 ms - 14[39m
[35m[HTTP][39m [90m[39m
[35m[HTTP][39m [37m-->[39m [37mGET[39m [37m/wd/hub/session/9d6dabb6-7fcf-43e5-b10d-b9bf29a6fdc8/source[39m
[35m[HTTP][39m [90m{}[39m
[35m[W3C (9d6dabb6)][39m Driver proxy active, passing request on via HTTP proxy
[35m[WD Proxy][39m Replacing sessionId 5d6ddb08-cd4e-433b-af78-70bb956cb3cc with 9d6dabb6-7fcf-43e5-b10d-b9bf29a6fdc8
[35m[HTTP][39m [37m<-- GET /wd/hub/session/9d6dabb6-7fcf-43e5-b10d-b9bf29a6fdc8/source [39m[32m200[39m [90m372 ms - 18609[39m
[35m[HTTP][39m [90m[39m
[35m[HTTP][39m [37m-->[39m [37mGET[39m [37m/wd/hub/session/9d6dabb6-7fcf-43e5-b10d-b9bf29a6fdc8/screenshot[39m
[35m[HTTP][39m [90m{}[39m
[35m[HTTP][39m [37m<-- GET /wd/hub/session/9d6dabb6-7fcf-43e5-b10d-b9bf29a6fdc8/screenshot [39m[32m200[39m [90m867 ms - 197308[39m
[35m[HTTP][39m [90m[39m
[35m[HTTP][39m [37m-->[39m [37mGET[39m [37m/wd/hub/session/9d6dabb6-7fcf-43e5-b10d-b9bf29a6fdc8/source[39m
[35m[HTTP][39m [90m{}[39m
[35m[W3C (9d6dabb6)][39m Driver proxy active, passing request on via HTTP proxy
[35m[HTTP][39m [37m<-- GET /wd/hub/session/9d6dabb6-7fcf-43e5-b10d-b9bf29a6fdc8/source [39m[31m500[39m [90m126 ms - 1099[39m
[35m[HTTP][39m [90m[39m
[35m[HTTP][39m [37m-->[39m [37mGET[39m [37m/wd/hub/session/9d6dabb6-7fcf-43e5-b10d-b9bf29a6fdc8/screenshot[39m
[35m[HTTP][39m [90m{}[39m
[35m[HTTP][39m [37m<-- GET /wd/hub/session/9d6dabb6-7fcf-43e5-b10d-b9bf29a6fdc8/screenshot [39m[31m500[39m [90m18 ms - 1062[39m
[35m[HTTP][39m [90m[39m
[35m[HTTP][39m [37m-->[39m [37mDELETE[39m [37m/wd/hub/session/9d6dabb6-7fcf-43e5-b10d-b9bf29a6fdc8[39m
[35m[HTTP][39m [90m{}[39m
[35m[Appium][39m Removing session 9d6dabb6-7fcf-43e5-b10d-b9bf29a6fdc8 from our master session list
[35m[UiAutomator2][39m Did not get confirmation UiAutomator2 deleteSession worked; Error was: UnknownError: An unknown server-side error occurred while processing the command. Original error: 'DELETE /' cannot be proxied to UiAutomator2 server because the instrumentation process is not running (probably crashed). Check the server log and/or the logcat output for more details
[35m[UiAutomator2][39m Restoring hidden api policy to the device default configuration
[35m[HTTP][39m [37m<-- DELETE /wd/hub/session/9d6dabb6-7fcf-43e5-b10d-b9bf29a6fdc8 [39m[32m200[39m [90m916 ms - 14[39m
[35m[HTTP][39m [90m[39m
